mode: set
github.com/ai-crypto-onramp/identity-auth/apikeys.go:27.55,31.2 3 1
github.com/ai-crypto-onramp/identity-auth/apikeys.go:34.136,35.21 1 1
github.com/ai-crypto-onramp/identity-auth/apikeys.go:35.21,37.3 1 1
github.com/ai-crypto-onramp/identity-auth/apikeys.go:38.2,39.16 2 1
github.com/ai-crypto-onramp/identity-auth/apikeys.go:39.16,41.3 1 0
github.com/ai-crypto-onramp/identity-auth/apikeys.go:42.2,74.22 10 1
github.com/ai-crypto-onramp/identity-auth/apikeys.go:79.57,83.30 4 1
github.com/ai-crypto-onramp/identity-auth/apikeys.go:83.30,84.31 1 1
github.com/ai-crypto-onramp/identity-auth/apikeys.go:84.31,85.12 1 0
github.com/ai-crypto-onramp/identity-auth/apikeys.go:87.3,87.23 1 1
github.com/ai-crypto-onramp/identity-auth/apikeys.go:89.2,89.12 1 1
github.com/ai-crypto-onramp/identity-auth/apikeys.go:94.77,96.16 2 1
github.com/ai-crypto-onramp/identity-auth/apikeys.go:96.16,98.3 1 0
github.com/ai-crypto-onramp/identity-auth/apikeys.go:99.2,102.9 4 1
github.com/ai-crypto-onramp/identity-auth/apikeys.go:102.9,104.3 1 1
github.com/ai-crypto-onramp/identity-auth/apikeys.go:105.2,105.24 1 1
github.com/ai-crypto-onramp/identity-auth/apikeys.go:105.24,107.3 1 0
github.com/ai-crypto-onramp/identity-auth/apikeys.go:110.2,117.29 8 1
github.com/ai-crypto-onramp/identity-auth/apikeys.go:117.29,119.3 1 1
github.com/ai-crypto-onramp/identity-auth/apikeys.go:120.2,136.22 3 1
github.com/ai-crypto-onramp/identity-auth/apikeys.go:140.62,144.9 4 1
github.com/ai-crypto-onramp/identity-auth/apikeys.go:144.9,146.3 1 1
github.com/ai-crypto-onramp/identity-auth/apikeys.go:147.2,147.24 1 1
github.com/ai-crypto-onramp/identity-auth/apikeys.go:147.24,149.3 1 0
github.com/ai-crypto-onramp/identity-auth/apikeys.go:150.2,153.29 4 1
github.com/ai-crypto-onramp/identity-auth/apikeys.go:153.29,155.3 1 1
github.com/ai-crypto-onramp/identity-auth/apikeys.go:156.2,163.17 2 1
github.com/ai-crypto-onramp/identity-auth/apikeys.go:168.55,173.9 5 1
github.com/ai-crypto-onramp/identity-auth/apikeys.go:173.9,175.3 1 1
github.com/ai-crypto-onramp/identity-auth/apikeys.go:176.2,176.22 1 1
github.com/ai-crypto-onramp/identity-auth/audit.go:12.52,15.28 3 1
github.com/ai-crypto-onramp/identity-auth/audit.go:15.28,16.16 1 1
github.com/ai-crypto-onramp/identity-auth/audit.go:16.16,17.12 1 0
github.com/ai-crypto-onramp/identity-auth/audit.go:19.3,19.18 1 1
github.com/ai-crypto-onramp/identity-auth/audit.go:19.18,21.4 1 1
github.com/ai-crypto-onramp/identity-auth/audit.go:22.3,22.28 1 1
github.com/ai-crypto-onramp/identity-auth/audit.go:22.28,24.4 1 0
github.com/ai-crypto-onramp/identity-auth/audit.go:25.3,25.25 1 1
github.com/ai-crypto-onramp/identity-auth/audit.go:25.25,27.4 1 0
github.com/ai-crypto-onramp/identity-auth/audit.go:28.3,28.45 1 1
github.com/ai-crypto-onramp/identity-auth/audit.go:33.42,39.2 5 1
github.com/ai-crypto-onramp/identity-auth/config.go:20.30,29.2 1 1
github.com/ai-crypto-onramp/identity-auth/config.go:32.30,34.43 2 1
github.com/ai-crypto-onramp/identity-auth/config.go:34.43,36.3 1 1
github.com/ai-crypto-onramp/identity-auth/config.go:37.2,37.43 1 1
github.com/ai-crypto-onramp/identity-auth/config.go:37.43,39.3 1 1
github.com/ai-crypto-onramp/identity-auth/config.go:40.2,40.43 1 1
github.com/ai-crypto-onramp/identity-auth/config.go:40.43,42.3 1 1
github.com/ai-crypto-onramp/identity-auth/config.go:43.2,43.50 1 1
github.com/ai-crypto-onramp/identity-auth/config.go:43.50,44.53 1 1
github.com/ai-crypto-onramp/identity-auth/config.go:44.53,46.4 1 1
github.com/ai-crypto-onramp/identity-auth/config.go:48.2,48.53 1 1
github.com/ai-crypto-onramp/identity-auth/config.go:48.53,49.53 1 1
github.com/ai-crypto-onramp/identity-auth/config.go:49.53,51.4 1 1
github.com/ai-crypto-onramp/identity-auth/config.go:53.2,53.52 1 1
github.com/ai-crypto-onramp/identity-auth/config.go:53.52,54.53 1 1
github.com/ai-crypto-onramp/identity-auth/config.go:54.53,56.4 1 1
github.com/ai-crypto-onramp/identity-auth/config.go:58.2,58.12 1 1
github.com/ai-crypto-onramp/identity-auth/crypto.go:23.32,25.40 2 1
github.com/ai-crypto-onramp/identity-auth/crypto.go:25.40,26.46 1 0
github.com/ai-crypto-onramp/identity-auth/crypto.go:28.2,28.30 1 1
github.com/ai-crypto-onramp/identity-auth/crypto.go:32.37,34.40 2 1
github.com/ai-crypto-onramp/identity-auth/crypto.go:34.40,35.46 1 0
github.com/ai-crypto-onramp/identity-auth/crypto.go:37.2,37.48 1 1
github.com/ai-crypto-onramp/identity-auth/crypto.go:41.33,44.2 2 1
github.com/ai-crypto-onramp/identity-auth/crypto.go:47.52,49.43 2 1
github.com/ai-crypto-onramp/identity-auth/crypto.go:49.43,51.3 1 0
github.com/ai-crypto-onramp/identity-auth/crypto.go:52.2,52.50 1 1
github.com/ai-crypto-onramp/identity-auth/crypto.go:56.64,61.2 4 1
github.com/ai-crypto-onramp/identity-auth/crypto.go:64.51,66.45 2 1
github.com/ai-crypto-onramp/identity-auth/crypto.go:66.45,68.3 1 0
github.com/ai-crypto-onramp/identity-auth/crypto.go:69.2,70.16 2 1
github.com/ai-crypto-onramp/identity-auth/crypto.go:70.16,72.3 1 0
github.com/ai-crypto-onramp/identity-auth/crypto.go:73.2,74.74 2 1
github.com/ai-crypto-onramp/identity-auth/crypto.go:78.50,80.21 2 1
github.com/ai-crypto-onramp/identity-auth/crypto.go:80.21,82.31 2 1
github.com/ai-crypto-onramp/identity-auth/crypto.go:82.31,83.19 1 1
github.com/ai-crypto-onramp/identity-auth/crypto.go:83.19,85.10 2 1
github.com/ai-crypto-onramp/identity-auth/crypto.go:88.3,88.12 1 1
github.com/ai-crypto-onramp/identity-auth/crypto.go:88.12,89.9 1 0
github.com/ai-crypto-onramp/identity-auth/crypto.go:91.3,92.14 2 1
github.com/ai-crypto-onramp/identity-auth/crypto.go:94.2,95.12 2 1
github.com/ai-crypto-onramp/identity-auth/crypto.go:111.30,111.80 1 1
github.com/ai-crypto-onramp/identity-auth/crypto.go:114.63,117.16 3 1
github.com/ai-crypto-onramp/identity-auth/crypto.go:117.16,119.3 1 0
github.com/ai-crypto-onramp/identity-auth/crypto.go:120.2,121.16 2 1
github.com/ai-crypto-onramp/identity-auth/crypto.go:121.16,123.3 1 0
github.com/ai-crypto-onramp/identity-auth/crypto.go:124.2,128.33 5 1
github.com/ai-crypto-onramp/identity-auth/crypto.go:132.57,136.38 3 1
github.com/ai-crypto-onramp/identity-auth/crypto.go:136.38,138.3 1 1
github.com/ai-crypto-onramp/identity-auth/crypto.go:139.2,143.49 5 1
github.com/ai-crypto-onramp/identity-auth/crypto.go:143.49,145.3 1 1
github.com/ai-crypto-onramp/identity-auth/crypto.go:146.2,147.16 2 1
github.com/ai-crypto-onramp/identity-auth/crypto.go:147.16,149.3 1 0
github.com/ai-crypto-onramp/identity-auth/crypto.go:150.2,150.52 1 1
github.com/ai-crypto-onramp/identity-auth/crypto.go:150.52,152.3 1 0
github.com/ai-crypto-onramp/identity-auth/crypto.go:153.2,153.44 1 1
github.com/ai-crypto-onramp/identity-auth/crypto.go:153.44,155.3 1 1
github.com/ai-crypto-onramp/identity-auth/crypto.go:156.2,156.15 1 1
github.com/ai-crypto-onramp/identity-auth/crypto.go:160.48,163.30 3 1
github.com/ai-crypto-onramp/identity-auth/crypto.go:163.30,164.18 1 1
github.com/ai-crypto-onramp/identity-auth/crypto.go:164.18,165.16 1 1
github.com/ai-crypto-onramp/identity-auth/crypto.go:165.16,167.5 1 1
github.com/ai-crypto-onramp/identity-auth/crypto.go:167.10,167.23 1 1
github.com/ai-crypto-onramp/identity-auth/crypto.go:167.23,169.5 1 1
github.com/ai-crypto-onramp/identity-auth/crypto.go:169.10,171.5 1 1
github.com/ai-crypto-onramp/identity-auth/crypto.go:174.2,174.26 1 1
github.com/ai-crypto-onramp/identity-auth/crypto.go:174.26,176.3 1 1
github.com/ai-crypto-onramp/identity-auth/crypto.go:177.2,177.47 1 1
github.com/ai-crypto-onramp/identity-auth/crypto.go:187.41,189.40 2 1
github.com/ai-crypto-onramp/identity-auth/crypto.go:189.40,191.3 1 0
github.com/ai-crypto-onramp/identity-auth/crypto.go:192.2,192.44 1 1
github.com/ai-crypto-onramp/identity-auth/crypto.go:196.55,198.16 2 1
github.com/ai-crypto-onramp/identity-auth/crypto.go:198.16,200.3 1 1
github.com/ai-crypto-onramp/identity-auth/crypto.go:201.2,203.26 3 1
github.com/ai-crypto-onramp/identity-auth/crypto.go:203.26,206.3 2 1
github.com/ai-crypto-onramp/identity-auth/crypto.go:207.2,216.39 7 1
github.com/ai-crypto-onramp/identity-auth/crypto.go:221.73,222.16 1 1
github.com/ai-crypto-onramp/identity-auth/crypto.go:222.16,224.3 1 0
github.com/ai-crypto-onramp/identity-auth/crypto.go:225.2,225.37 1 1
github.com/ai-crypto-onramp/identity-auth/crypto.go:225.37,228.17 3 1
github.com/ai-crypto-onramp/identity-auth/crypto.go:228.17,229.12 1 1
github.com/ai-crypto-onramp/identity-auth/crypto.go:231.3,231.66 1 1
github.com/ai-crypto-onramp/identity-auth/crypto.go:231.66,233.4 1 1
github.com/ai-crypto-onramp/identity-auth/crypto.go:235.2,235.14 1 1
github.com/ai-crypto-onramp/identity-auth/crypto.go:239.52,242.2 1 1
github.com/ai-crypto-onramp/identity-auth/handlers.go:17.72,19.16 2 1
github.com/ai-crypto-onramp/identity-auth/handlers.go:19.16,22.3 2 0
github.com/ai-crypto-onramp/identity-auth/handlers.go:23.2,23.33 1 1
github.com/ai-crypto-onramp/identity-auth/handlers.go:23.33,26.3 2 1
github.com/ai-crypto-onramp/identity-auth/handlers.go:27.2,27.35 1 1
github.com/ai-crypto-onramp/identity-auth/handlers.go:27.35,30.3 2 0
github.com/ai-crypto-onramp/identity-auth/handlers.go:31.2,33.39 3 1
github.com/ai-crypto-onramp/identity-auth/handlers.go:33.39,36.3 2 0
github.com/ai-crypto-onramp/identity-auth/handlers.go:37.2,37.52 1 1
github.com/ai-crypto-onramp/identity-auth/handlers.go:37.52,40.3 2 0
github.com/ai-crypto-onramp/identity-auth/handlers.go:41.2,41.37 1 1
github.com/ai-crypto-onramp/identity-auth/handlers.go:48.65,49.33 1 1
github.com/ai-crypto-onramp/identity-auth/handlers.go:49.33,52.3 2 0
github.com/ai-crypto-onramp/identity-auth/handlers.go:53.2,55.16 3 1
github.com/ai-crypto-onramp/identity-auth/handlers.go:55.16,58.3 2 0
github.com/ai-crypto-onramp/identity-auth/handlers.go:59.2,61.34 3 1
github.com/ai-crypto-onramp/identity-auth/handlers.go:64.65,65.33 1 1
github.com/ai-crypto-onramp/identity-auth/handlers.go:65.33,68.3 2 0
github.com/ai-crypto-onramp/identity-auth/handlers.go:69.2,74.43 3 1
github.com/ai-crypto-onramp/identity-auth/handlers.go:74.43,77.3 2 0
github.com/ai-crypto-onramp/identity-auth/handlers.go:78.2,79.16 2 1
github.com/ai-crypto-onramp/identity-auth/handlers.go:79.16,83.3 3 1
github.com/ai-crypto-onramp/identity-auth/handlers.go:84.2,86.68 3 1
github.com/ai-crypto-onramp/identity-auth/handlers.go:89.67,90.33 1 1
github.com/ai-crypto-onramp/identity-auth/handlers.go:90.33,93.3 2 0
github.com/ai-crypto-onramp/identity-auth/handlers.go:94.2,96.16 3 1
github.com/ai-crypto-onramp/identity-auth/handlers.go:96.16,99.3 2 0
github.com/ai-crypto-onramp/identity-auth/handlers.go:100.2,101.70 2 1
github.com/ai-crypto-onramp/identity-auth/handlers.go:105.71,107.14 2 1
github.com/ai-crypto-onramp/identity-auth/handlers.go:107.14,110.3 2 0
github.com/ai-crypto-onramp/identity-auth/handlers.go:111.2,111.35 1 1
github.com/ai-crypto-onramp/identity-auth/handlers.go:111.35,114.3 2 0
github.com/ai-crypto-onramp/identity-auth/handlers.go:115.2,117.16 3 1
github.com/ai-crypto-onramp/identity-auth/handlers.go:117.16,120.3 2 1
github.com/ai-crypto-onramp/identity-auth/handlers.go:121.2,122.37 2 1
github.com/ai-crypto-onramp/identity-auth/handlers.go:129.73,130.33 1 1
github.com/ai-crypto-onramp/identity-auth/handlers.go:130.33,133.3 2 0
github.com/ai-crypto-onramp/identity-auth/handlers.go:134.2,137.43 2 1
github.com/ai-crypto-onramp/identity-auth/handlers.go:137.43,140.3 2 0
github.com/ai-crypto-onramp/identity-auth/handlers.go:141.2,142.16 2 1
github.com/ai-crypto-onramp/identity-auth/handlers.go:142.16,145.3 2 1
github.com/ai-crypto-onramp/identity-auth/handlers.go:146.2,147.67 2 1
github.com/ai-crypto-onramp/identity-auth/handlers.go:150.76,151.33 1 1
github.com/ai-crypto-onramp/identity-auth/handlers.go:151.33,154.3 2 0
github.com/ai-crypto-onramp/identity-auth/handlers.go:155.2,160.43 2 1
github.com/ai-crypto-onramp/identity-auth/handlers.go:160.43,163.3 2 0
github.com/ai-crypto-onramp/identity-auth/handlers.go:164.2,165.16 2 1
github.com/ai-crypto-onramp/identity-auth/handlers.go:165.16,168.3 2 1
github.com/ai-crypto-onramp/identity-auth/handlers.go:169.2,170.61 2 1
github.com/ai-crypto-onramp/identity-auth/handlers.go:177.68,178.18 1 1
github.com/ai-crypto-onramp/identity-auth/handlers.go:179.23,180.23 1 1
github.com/ai-crypto-onramp/identity-auth/handlers.go:181.22,182.22 1 1
github.com/ai-crypto-onramp/identity-auth/handlers.go:183.10,184.92 1 0
github.com/ai-crypto-onramp/identity-auth/handlers.go:188.68,195.43 2 1
github.com/ai-crypto-onramp/identity-auth/handlers.go:195.43,198.3 2 0
github.com/ai-crypto-onramp/identity-auth/handlers.go:199.2,200.16 2 1
github.com/ai-crypto-onramp/identity-auth/handlers.go:200.16,203.3 2 1
github.com/ai-crypto-onramp/identity-auth/handlers.go:204.2,206.39 3 1
github.com/ai-crypto-onramp/identity-auth/handlers.go:209.67,213.25 4 1
github.com/ai-crypto-onramp/identity-auth/handlers.go:213.25,220.29 2 1
github.com/ai-crypto-onramp/identity-auth/handlers.go:220.29,222.4 1 1
github.com/ai-crypto-onramp/identity-auth/handlers.go:223.3,223.25 1 1
github.com/ai-crypto-onramp/identity-auth/handlers.go:223.25,225.4 1 1
github.com/ai-crypto-onramp/identity-auth/handlers.go:226.3,226.25 1 1
github.com/ai-crypto-onramp/identity-auth/handlers.go:226.25,228.4 1 0
github.com/ai-crypto-onramp/identity-auth/handlers.go:229.3,229.27 1 1
github.com/ai-crypto-onramp/identity-auth/handlers.go:231.2,231.34 1 1
github.com/ai-crypto-onramp/identity-auth/handlers.go:235.71,239.14 4 1
github.com/ai-crypto-onramp/identity-auth/handlers.go:239.14,242.3 2 0
github.com/ai-crypto-onramp/identity-auth/handlers.go:243.2,243.76 1 1
github.com/ai-crypto-onramp/identity-auth/handlers.go:243.76,246.3 2 1
github.com/ai-crypto-onramp/identity-auth/handlers.go:247.2,247.54 1 1
github.com/ai-crypto-onramp/identity-auth/handlers.go:247.54,250.3 2 1
github.com/ai-crypto-onramp/identity-auth/handlers.go:251.2,251.68 1 0
github.com/ai-crypto-onramp/identity-auth/handlers.go:254.79,256.16 2 1
github.com/ai-crypto-onramp/identity-auth/handlers.go:256.16,259.3 2 1
github.com/ai-crypto-onramp/identity-auth/handlers.go:260.2,262.34 3 1
github.com/ai-crypto-onramp/identity-auth/handlers.go:265.79,267.16 2 1
github.com/ai-crypto-onramp/identity-auth/handlers.go:267.16,270.3 2 1
github.com/ai-crypto-onramp/identity-auth/handlers.go:271.2,273.37 3 1
github.com/ai-crypto-onramp/identity-auth/handlers.go:280.65,281.32 1 1
github.com/ai-crypto-onramp/identity-auth/handlers.go:281.32,284.3 2 1
github.com/ai-crypto-onramp/identity-auth/handlers.go:285.2,285.42 1 1
github.com/ai-crypto-onramp/identity-auth/handlers.go:288.73,289.18 1 1
github.com/ai-crypto-onramp/identity-auth/handlers.go:290.23,298.44 2 1
github.com/ai-crypto-onramp/identity-auth/handlers.go:298.44,301.4 2 0
github.com/ai-crypto-onramp/identity-auth/handlers.go:302.3,303.17 2 1
github.com/ai-crypto-onramp/identity-auth/handlers.go:303.17,306.4 2 1
github.com/ai-crypto-onramp/identity-auth/handlers.go:307.3,307.38 1 1
github.com/ai-crypto-onramp/identity-auth/handlers.go:308.22,311.61 3 1
github.com/ai-crypto-onramp/identity-auth/handlers.go:312.10,313.92 1 0
github.com/ai-crypto-onramp/identity-auth/handlers.go:317.73,319.14 2 1
github.com/ai-crypto-onramp/identity-auth/handlers.go:319.14,322.3 2 0
github.com/ai-crypto-onramp/identity-auth/handlers.go:323.2,323.35 1 1
github.com/ai-crypto-onramp/identity-auth/handlers.go:323.35,326.3 2 0
github.com/ai-crypto-onramp/identity-auth/handlers.go:327.2,327.50 1 1
github.com/ai-crypto-onramp/identity-auth/handlers.go:327.50,330.3 2 1
github.com/ai-crypto-onramp/identity-auth/handlers.go:331.2,331.37 1 1
github.com/ai-crypto-onramp/identity-auth/handlers.go:334.61,335.33 1 1
github.com/ai-crypto-onramp/identity-auth/handlers.go:335.33,338.3 2 1
github.com/ai-crypto-onramp/identity-auth/handlers.go:339.2,344.43 2 1
github.com/ai-crypto-onramp/identity-auth/handlers.go:344.43,347.3 2 0
github.com/ai-crypto-onramp/identity-auth/handlers.go:348.2,349.15 2 1
github.com/ai-crypto-onramp/identity-auth/handlers.go:349.15,351.3 1 1
github.com/ai-crypto-onramp/identity-auth/handlers.go:351.8,353.3 1 1
github.com/ai-crypto-onramp/identity-auth/handlers.go:354.2,354.15 1 1
github.com/ai-crypto-onramp/identity-auth/handlers.go:354.15,356.3 1 1
github.com/ai-crypto-onramp/identity-auth/handlers.go:357.2,357.34 1 1
github.com/ai-crypto-onramp/identity-auth/handlers.go:364.71,365.32 1 1
github.com/ai-crypto-onramp/identity-auth/handlers.go:365.32,368.3 2 1
github.com/ai-crypto-onramp/identity-auth/handlers.go:369.2,369.50 1 1
github.com/ai-crypto-onramp/identity-auth/handlers.go:372.67,373.33 1 1
github.com/ai-crypto-onramp/identity-auth/handlers.go:373.33,376.3 2 1
github.com/ai-crypto-onramp/identity-auth/handlers.go:377.2,380.43 2 1
github.com/ai-crypto-onramp/identity-auth/handlers.go:380.43,383.3 2 0
github.com/ai-crypto-onramp/identity-auth/handlers.go:384.2,384.56 1 1
github.com/ai-crypto-onramp/identity-auth/handlers.go:384.56,387.3 2 0
github.com/ai-crypto-onramp/identity-auth/handlers.go:388.2,394.67 2 1
github.com/ai-crypto-onramp/identity-auth/main.go:8.13,10.16 2 0
github.com/ai-crypto-onramp/identity-auth/main.go:10.16,12.3 1 0
github.com/ai-crypto-onramp/identity-auth/main.go:13.2,13.70 1 0
github.com/ai-crypto-onramp/identity-auth/mfa.go:23.94,25.16 2 1
github.com/ai-crypto-onramp/identity-auth/mfa.go:25.16,27.3 1 0
github.com/ai-crypto-onramp/identity-auth/mfa.go:28.2,31.9 4 1
github.com/ai-crypto-onramp/identity-auth/mfa.go:31.9,33.3 1 1
github.com/ai-crypto-onramp/identity-auth/mfa.go:34.2,34.30 1 1
github.com/ai-crypto-onramp/identity-auth/mfa.go:34.30,36.3 1 1
github.com/ai-crypto-onramp/identity-auth/mfa.go:37.2,59.13 6 1
github.com/ai-crypto-onramp/identity-auth/mfa.go:65.77,69.9 4 1
github.com/ai-crypto-onramp/identity-auth/mfa.go:69.9,71.3 1 1
github.com/ai-crypto-onramp/identity-auth/mfa.go:72.2,75.47 2 1
github.com/ai-crypto-onramp/identity-auth/mfa.go:75.47,77.3 1 1
github.com/ai-crypto-onramp/identity-auth/mfa.go:79.2,79.20 1 1
github.com/ai-crypto-onramp/identity-auth/mfa.go:79.20,81.3 1 0
github.com/ai-crypto-onramp/identity-auth/mfa.go:83.2,85.94 3 1
github.com/ai-crypto-onramp/identity-auth/mfa.go:85.94,87.3 1 0
github.com/ai-crypto-onramp/identity-auth/mfa.go:88.2,96.17 3 1
github.com/ai-crypto-onramp/identity-auth/mfa.go:100.75,102.37 2 1
github.com/ai-crypto-onramp/identity-auth/mfa.go:102.37,104.54 2 1
github.com/ai-crypto-onramp/identity-auth/mfa.go:104.54,106.4 1 1
github.com/ai-crypto-onramp/identity-auth/mfa.go:108.2,108.19 1 1
github.com/ai-crypto-onramp/identity-auth/mfa.go:112.62,117.25 5 1
github.com/ai-crypto-onramp/identity-auth/mfa.go:117.25,119.53 2 1
github.com/ai-crypto-onramp/identity-auth/mfa.go:119.53,121.4 1 1
github.com/ai-crypto-onramp/identity-auth/mfa.go:123.2,123.12 1 1
github.com/ai-crypto-onramp/identity-auth/mfa.go:127.55,128.20 1 1
github.com/ai-crypto-onramp/identity-auth/mfa.go:128.20,130.3 1 0
github.com/ai-crypto-onramp/identity-auth/mfa.go:132.2,133.28 2 1
github.com/ai-crypto-onramp/identity-auth/mfa.go:133.28,134.53 1 1
github.com/ai-crypto-onramp/identity-auth/mfa.go:134.53,136.4 1 1
github.com/ai-crypto-onramp/identity-auth/mfa.go:139.2,141.37 3 1
github.com/ai-crypto-onramp/identity-auth/mfa.go:141.37,142.46 1 1
github.com/ai-crypto-onramp/identity-auth/mfa.go:142.46,143.12 1 1
github.com/ai-crypto-onramp/identity-auth/mfa.go:145.3,145.50 1 1
github.com/ai-crypto-onramp/identity-auth/mfa.go:145.50,149.4 3 1
github.com/ai-crypto-onramp/identity-auth/mfa.go:151.2,151.14 1 1
github.com/ai-crypto-onramp/identity-auth/mfa.go:156.85,159.26 3 1
github.com/ai-crypto-onramp/identity-auth/mfa.go:159.26,167.3 3 1
github.com/ai-crypto-onramp/identity-auth/mfa.go:168.2,170.35 3 1
github.com/ai-crypto-onramp/identity-auth/mfa.go:170.35,172.3 1 1
github.com/ai-crypto-onramp/identity-auth/mfa.go:174.2,174.38 1 1
github.com/ai-crypto-onramp/identity-auth/mfa.go:174.38,175.26 1 0
github.com/ai-crypto-onramp/identity-auth/mfa.go:175.26,177.4 1 0
github.com/ai-crypto-onramp/identity-auth/mfa.go:179.2,179.28 1 1
github.com/ai-crypto-onramp/identity-auth/mfa.go:179.28,181.3 1 1
github.com/ai-crypto-onramp/identity-auth/mfa.go:182.2,189.24 2 1
github.com/ai-crypto-onramp/identity-auth/mfa.go:193.77,197.31 4 1
github.com/ai-crypto-onramp/identity-auth/mfa.go:197.31,199.3 1 1
github.com/ai-crypto-onramp/identity-auth/mfa.go:200.2,210.17 5 1
github.com/ai-crypto-onramp/identity-auth/observability.go:41.28,47.2 1 1
github.com/ai-crypto-onramp/identity-auth/observability.go:50.56,54.43 4 0
github.com/ai-crypto-onramp/identity-auth/observability.go:54.43,55.20 1 0
github.com/ai-crypto-onramp/identity-auth/observability.go:55.20,58.4 2 0
github.com/ai-crypto-onramp/identity-auth/observability.go:65.19,67.32 2 1
github.com/ai-crypto-onramp/identity-auth/observability.go:68.15,69.26 1 0
github.com/ai-crypto-onramp/identity-auth/observability.go:70.14,71.25 1 0
github.com/ai-crypto-onramp/identity-auth/observability.go:72.15,73.26 1 0
github.com/ai-crypto-onramp/identity-auth/observability.go:75.2,75.87 1 1
github.com/ai-crypto-onramp/identity-auth/observability.go:80.53,81.19 1 1
github.com/ai-crypto-onramp/identity-auth/observability.go:81.19,83.3 1 1
github.com/ai-crypto-onramp/identity-auth/observability.go:84.2,84.71 1 1
github.com/ai-crypto-onramp/identity-auth/observability.go:84.71,97.3 6 1
github.com/ai-crypto-onramp/identity-auth/observability.go:105.48,108.2 2 1
github.com/ai-crypto-onramp/identity-auth/observability.go:112.45,113.54 1 1
github.com/ai-crypto-onramp/identity-auth/observability.go:113.54,117.3 3 0
github.com/ai-crypto-onramp/identity-auth/observability.go:121.61,140.50 18 0
github.com/ai-crypto-onramp/identity-auth/observability.go:140.50,142.3 1 0
github.com/ai-crypto-onramp/identity-auth/observability.go:143.2,143.27 1 0
github.com/ai-crypto-onramp/identity-auth/observability.go:146.68,151.2 4 0
github.com/ai-crypto-onramp/identity-auth/observability.go:153.82,157.2 3 0
github.com/ai-crypto-onramp/identity-auth/observability.go:159.33,160.12 1 0
github.com/ai-crypto-onramp/identity-auth/observability.go:160.12,162.3 1 0
github.com/ai-crypto-onramp/identity-auth/observability.go:163.2,165.12 3 0
github.com/ai-crypto-onramp/identity-auth/observability.go:165.12,169.3 3 0
github.com/ai-crypto-onramp/identity-auth/observability.go:170.2,170.24 1 0
github.com/ai-crypto-onramp/identity-auth/observability.go:173.36,174.28 1 0
github.com/ai-crypto-onramp/identity-auth/observability.go:174.28,176.3 1 0
github.com/ai-crypto-onramp/identity-auth/observability.go:177.2,177.9 1 0
github.com/ai-crypto-onramp/identity-auth/observability.go:178.16,179.53 1 0
github.com/ai-crypto-onramp/identity-auth/observability.go:180.13,181.50 1 0
github.com/ai-crypto-onramp/identity-auth/observability.go:182.10,183.30 1 0
github.com/ai-crypto-onramp/identity-auth/observability.go:187.29,188.12 1 0
github.com/ai-crypto-onramp/identity-auth/observability.go:188.12,190.3 1 0
github.com/ai-crypto-onramp/identity-auth/observability.go:191.2,193.12 3 0
github.com/ai-crypto-onramp/identity-auth/observability.go:193.12,197.3 3 0
github.com/ai-crypto-onramp/identity-auth/observability.go:198.2,198.24 1 0
github.com/ai-crypto-onramp/identity-auth/observability.go:201.33,202.39 1 0
github.com/ai-crypto-onramp/identity-auth/observability.go:202.39,204.3 1 0
github.com/ai-crypto-onramp/identity-auth/observability.go:205.2,205.10 1 0
github.com/ai-crypto-onramp/identity-auth/observability.go:209.57,210.19 1 0
github.com/ai-crypto-onramp/identity-auth/observability.go:210.19,212.3 1 0
github.com/ai-crypto-onramp/identity-auth/observability.go:213.2,214.39 2 0
github.com/ai-crypto-onramp/identity-auth/observability.go:218.59,219.54 1 0
github.com/ai-crypto-onramp/identity-auth/observability.go:219.54,224.33 5 0
github.com/ai-crypto-onramp/identity-auth/observability.go:224.33,226.4 1 0
github.com/ai-crypto-onramp/identity-auth/observability.go:226.9,228.24 2 0
github.com/ai-crypto-onramp/identity-auth/observability.go:228.24,230.5 1 0
github.com/ai-crypto-onramp/identity-auth/observability.go:236.59,237.54 1 0
github.com/ai-crypto-onramp/identity-auth/observability.go:237.54,240.3 2 0
github.com/ai-crypto-onramp/identity-auth/password.go:17.78,19.14 2 1
github.com/ai-crypto-onramp/identity-auth/password.go:19.14,21.3 1 1
github.com/ai-crypto-onramp/identity-auth/password.go:22.2,22.30 1 1
github.com/ai-crypto-onramp/identity-auth/password.go:22.30,24.3 1 1
github.com/ai-crypto-onramp/identity-auth/password.go:25.2,45.24 10 1
github.com/ai-crypto-onramp/identity-auth/password.go:50.95,54.9 4 1
github.com/ai-crypto-onramp/identity-auth/password.go:54.9,57.3 2 1
github.com/ai-crypto-onramp/identity-auth/password.go:58.2,59.69 2 1
github.com/ai-crypto-onramp/identity-auth/password.go:59.69,62.3 2 0
github.com/ai-crypto-onramp/identity-auth/password.go:63.2,67.61 3 1
github.com/ai-crypto-onramp/identity-auth/password.go:67.61,68.20 1 1
github.com/ai-crypto-onramp/identity-auth/password.go:68.20,70.4 1 1
github.com/ai-crypto-onramp/identity-auth/password.go:71.3,71.38 1 1
github.com/ai-crypto-onramp/identity-auth/password.go:71.38,73.4 1 0
github.com/ai-crypto-onramp/identity-auth/password.go:76.2,76.63 1 1
github.com/ai-crypto-onramp/identity-auth/password.go:76.63,78.3 1 1
github.com/ai-crypto-onramp/identity-auth/password.go:79.2,93.17 9 1
github.com/ai-crypto-onramp/identity-auth/rbac.go:41.29,43.43 2 1
github.com/ai-crypto-onramp/identity-auth/rbac.go:43.43,48.3 4 1
github.com/ai-crypto-onramp/identity-auth/rbac.go:49.2,49.40 1 1
github.com/ai-crypto-onramp/identity-auth/rbac.go:49.40,49.80 1 1
github.com/ai-crypto-onramp/identity-auth/rbac.go:50.2,50.14 1 1
github.com/ai-crypto-onramp/identity-auth/rbac.go:54.44,56.2 1 1
github.com/ai-crypto-onramp/identity-auth/rbac.go:59.107,60.34 1 1
github.com/ai-crypto-onramp/identity-auth/rbac.go:60.34,62.3 1 1
github.com/ai-crypto-onramp/identity-auth/rbac.go:63.2,63.21 1 1
github.com/ai-crypto-onramp/identity-auth/rbac.go:63.21,65.3 1 1
github.com/ai-crypto-onramp/identity-auth/rbac.go:66.2,78.15 5 1
github.com/ai-crypto-onramp/identity-auth/rbac.go:82.76,86.31 4 1
github.com/ai-crypto-onramp/identity-auth/rbac.go:86.31,87.56 1 1
github.com/ai-crypto-onramp/identity-auth/rbac.go:87.56,88.12 1 0
github.com/ai-crypto-onramp/identity-auth/rbac.go:90.3,90.50 1 1
github.com/ai-crypto-onramp/identity-auth/rbac.go:90.50,91.12 1 0
github.com/ai-crypto-onramp/identity-auth/rbac.go:93.3,93.23 1 1
github.com/ai-crypto-onramp/identity-auth/rbac.go:95.2,95.12 1 1
github.com/ai-crypto-onramp/identity-auth/rbac.go:99.48,102.34 3 1
github.com/ai-crypto-onramp/identity-auth/rbac.go:102.34,104.3 1 1
github.com/ai-crypto-onramp/identity-auth/rbac.go:105.2,106.12 2 1
github.com/ai-crypto-onramp/identity-auth/rbac.go:110.69,114.31 4 1
github.com/ai-crypto-onramp/identity-auth/rbac.go:114.31,115.31 1 1
github.com/ai-crypto-onramp/identity-auth/rbac.go:115.31,117.4 1 1
github.com/ai-crypto-onramp/identity-auth/rbac.go:119.2,119.12 1 1
github.com/ai-crypto-onramp/identity-auth/rbac.go:131.90,135.29 4 1
github.com/ai-crypto-onramp/identity-auth/rbac.go:135.29,137.27 2 1
github.com/ai-crypto-onramp/identity-auth/rbac.go:137.27,138.31 1 1
github.com/ai-crypto-onramp/identity-auth/rbac.go:138.31,141.10 3 1
github.com/ai-crypto-onramp/identity-auth/rbac.go:145.2,145.14 1 1
github.com/ai-crypto-onramp/identity-auth/rbac.go:145.14,147.3 1 1
github.com/ai-crypto-onramp/identity-auth/rbac.go:148.2,150.14 3 1
github.com/ai-crypto-onramp/identity-auth/rbac.go:150.14,158.3 1 1
github.com/ai-crypto-onramp/identity-auth/rbac.go:159.2,159.16 1 1
github.com/ai-crypto-onramp/identity-auth/server.go:33.31,34.16 1 1
github.com/ai-crypto-onramp/identity-auth/server.go:34.16,36.3 1 0
github.com/ai-crypto-onramp/identity-auth/server.go:37.2,37.42 1 1
github.com/ai-crypto-onramp/identity-auth/server.go:41.31,43.2 1 1
github.com/ai-crypto-onramp/identity-auth/server.go:46.38,87.2 25 1
github.com/ai-crypto-onramp/identity-auth/server.go:90.50,91.71 1 1
github.com/ai-crypto-onramp/identity-auth/server.go:91.71,93.16 2 1
github.com/ai-crypto-onramp/identity-auth/server.go:93.16,95.4 1 1
github.com/ai-crypto-onramp/identity-auth/server.go:96.3,98.37 3 1
github.com/ai-crypto-onramp/identity-auth/server.go:103.61,107.2 3 1
github.com/ai-crypto-onramp/identity-auth/server.go:122.87,129.2 4 1
github.com/ai-crypto-onramp/identity-auth/server.go:131.61,135.2 3 1
github.com/ai-crypto-onramp/identity-auth/server.go:137.47,139.16 2 1
github.com/ai-crypto-onramp/identity-auth/server.go:139.16,141.3 1 0
github.com/ai-crypto-onramp/identity-auth/server.go:142.2,142.20 1 1
github.com/ai-crypto-onramp/identity-auth/server.go:142.20,144.3 1 0
github.com/ai-crypto-onramp/identity-auth/server.go:145.2,145.34 1 1
github.com/ai-crypto-onramp/identity-auth/server.go:149.45,150.9 1 1
github.com/ai-crypto-onramp/identity-auth/server.go:151.37,152.44 1 1
github.com/ai-crypto-onramp/identity-auth/server.go:153.39,154.48 1 1
github.com/ai-crypto-onramp/identity-auth/server.go:155.39,156.47 1 1
github.com/ai-crypto-onramp/identity-auth/server.go:157.39,158.48 1 1
github.com/ai-crypto-onramp/identity-auth/server.go:159.45,160.56 1 1
github.com/ai-crypto-onramp/identity-auth/server.go:161.40,162.31 1 1
github.com/ai-crypto-onramp/identity-auth/server.go:163.40,164.48 1 1
github.com/ai-crypto-onramp/identity-auth/server.go:165.41,166.49 1 0
github.com/ai-crypto-onramp/identity-auth/server.go:167.38,168.49 1 1
github.com/ai-crypto-onramp/identity-auth/server.go:169.37,170.48 1 1
github.com/ai-crypto-onramp/identity-auth/server.go:171.41,172.51 1 0
github.com/ai-crypto-onramp/identity-auth/server.go:173.45,174.55 1 0
github.com/ai-crypto-onramp/identity-auth/server.go:175.42,176.50 1 0
github.com/ai-crypto-onramp/identity-auth/server.go:177.46,178.52 1 1
github.com/ai-crypto-onramp/identity-auth/server.go:179.41,180.50 1 1
github.com/ai-crypto-onramp/identity-auth/server.go:181.42,182.50 1 1
github.com/ai-crypto-onramp/identity-auth/server.go:183.41,184.49 1 1
github.com/ai-crypto-onramp/identity-auth/server.go:185.36,186.43 1 0
github.com/ai-crypto-onramp/identity-auth/server.go:187.37,188.46 1 1
github.com/ai-crypto-onramp/identity-auth/server.go:189.10,190.58 1 0
github.com/ai-crypto-onramp/identity-auth/server.go:194.67,197.2 2 1
github.com/ai-crypto-onramp/identity-auth/server.go:204.64,205.54 1 1
github.com/ai-crypto-onramp/identity-auth/server.go:205.54,207.17 2 1
github.com/ai-crypto-onramp/identity-auth/server.go:207.17,210.4 2 1
github.com/ai-crypto-onramp/identity-auth/server.go:212.3,212.81 1 1
github.com/ai-crypto-onramp/identity-auth/server.go:212.81,215.4 2 1
github.com/ai-crypto-onramp/identity-auth/server.go:216.3,218.27 3 1
github.com/ai-crypto-onramp/identity-auth/server.go:223.64,225.41 2 1
github.com/ai-crypto-onramp/identity-auth/server.go:225.41,227.3 1 1
github.com/ai-crypto-onramp/identity-auth/server.go:228.2,230.16 3 1
github.com/ai-crypto-onramp/identity-auth/server.go:230.16,232.3 1 1
github.com/ai-crypto-onramp/identity-auth/server.go:233.2,233.55 1 1
github.com/ai-crypto-onramp/identity-auth/server.go:233.55,235.3 1 0
github.com/ai-crypto-onramp/identity-auth/server.go:236.2,236.20 1 1
github.com/ai-crypto-onramp/identity-auth/server.go:240.44,243.2 2 1
github.com/ai-crypto-onramp/identity-auth/server.go:249.66,250.33 1 1
github.com/ai-crypto-onramp/identity-auth/server.go:250.33,253.3 2 1
github.com/ai-crypto-onramp/identity-auth/server.go:254.2,258.43 2 1
github.com/ai-crypto-onramp/identity-auth/server.go:258.43,261.3 2 0
github.com/ai-crypto-onramp/identity-auth/server.go:262.2,263.16 2 1
github.com/ai-crypto-onramp/identity-auth/server.go:263.16,266.3 2 1
github.com/ai-crypto-onramp/identity-auth/server.go:267.2,278.4 2 1
github.com/ai-crypto-onramp/identity-auth/server.go:281.67,282.33 1 1
github.com/ai-crypto-onramp/identity-auth/server.go:282.33,285.3 2 1
github.com/ai-crypto-onramp/identity-auth/server.go:286.2,289.43 2 1
github.com/ai-crypto-onramp/identity-auth/server.go:289.43,292.3 2 0
github.com/ai-crypto-onramp/identity-auth/server.go:293.2,294.16 2 1
github.com/ai-crypto-onramp/identity-auth/server.go:294.16,297.3 2 1
github.com/ai-crypto-onramp/identity-auth/server.go:298.2,308.4 2 1
github.com/ai-crypto-onramp/identity-auth/server.go:311.68,313.15 2 1
github.com/ai-crypto-onramp/identity-auth/server.go:313.15,316.3 2 0
github.com/ai-crypto-onramp/identity-auth/server.go:317.2,317.18 1 1
github.com/ai-crypto-onramp/identity-auth/server.go:318.22,320.15 2 1
github.com/ai-crypto-onramp/identity-auth/server.go:320.15,323.4 2 0
github.com/ai-crypto-onramp/identity-auth/server.go:324.3,329.5 1 1
github.com/ai-crypto-onramp/identity-auth/server.go:330.24,334.44 2 1
github.com/ai-crypto-onramp/identity-auth/server.go:334.44,337.4 2 0
github.com/ai-crypto-onramp/identity-auth/server.go:338.3,339.17 2 1
github.com/ai-crypto-onramp/identity-auth/server.go:339.17,342.4 2 1
github.com/ai-crypto-onramp/identity-auth/server.go:343.3,353.5 2 1
github.com/ai-crypto-onramp/identity-auth/server.go:354.25,355.53 1 1
github.com/ai-crypto-onramp/identity-auth/server.go:355.53,358.4 2 0
github.com/ai-crypto-onramp/identity-auth/server.go:359.3,365.38 2 1
github.com/ai-crypto-onramp/identity-auth/server.go:366.10,367.92 1 0
github.com/ai-crypto-onramp/identity-auth/server.go:375.69,376.18 1 1
github.com/ai-crypto-onramp/identity-auth/server.go:377.23,378.16 1 1
github.com/ai-crypto-onramp/identity-auth/server.go:379.22,380.38 1 1
github.com/ai-crypto-onramp/identity-auth/server.go:381.25,382.32 1 1
github.com/ai-crypto-onramp/identity-auth/server.go:383.10,384.92 1 1
github.com/ai-crypto-onramp/identity-auth/server.go:388.61,394.43 2 1
github.com/ai-crypto-onramp/identity-auth/server.go:394.43,397.3 2 0
github.com/ai-crypto-onramp/identity-auth/server.go:398.2,399.16 2 1
github.com/ai-crypto-onramp/identity-auth/server.go:399.16,400.39 1 1
github.com/ai-crypto-onramp/identity-auth/server.go:400.39,406.4 2 1
github.com/ai-crypto-onramp/identity-auth/server.go:406.9,408.4 1 1
github.com/ai-crypto-onramp/identity-auth/server.go:409.3,410.9 2 1
github.com/ai-crypto-onramp/identity-auth/server.go:412.2,414.34 3 1
github.com/ai-crypto-onramp/identity-auth/server.go:417.70,418.33 1 1
github.com/ai-crypto-onramp/identity-auth/server.go:418.33,421.3 2 1
github.com/ai-crypto-onramp/identity-auth/server.go:422.2,425.43 2 1
github.com/ai-crypto-onramp/identity-auth/server.go:425.43,428.3 2 0
github.com/ai-crypto-onramp/identity-auth/server.go:429.2,430.16 2 1
github.com/ai-crypto-onramp/identity-auth/server.go:430.16,433.3 2 1
github.com/ai-crypto-onramp/identity-auth/server.go:434.2,436.34 3 1
github.com/ai-crypto-onramp/identity-auth/server.go:439.62,442.16 3 1
github.com/ai-crypto-onramp/identity-auth/server.go:442.16,445.3 2 0
github.com/ai-crypto-onramp/identity-auth/server.go:446.2,448.37 3 1
github.com/ai-crypto-onramp/identity-auth/server.go:451.68,455.29 4 1
github.com/ai-crypto-onramp/identity-auth/server.go:455.29,462.3 1 1
github.com/ai-crypto-onramp/identity-auth/server.go:463.2,463.34 1 1
github.com/ai-crypto-onramp/identity-auth/sessions.go:32.46,36.9 4 1
github.com/ai-crypto-onramp/identity-auth/sessions.go:36.9,39.3 2 1
github.com/ai-crypto-onramp/identity-auth/sessions.go:40.2,41.37 2 1
github.com/ai-crypto-onramp/identity-auth/sessions.go:41.37,44.25 3 1
github.com/ai-crypto-onramp/identity-auth/sessions.go:44.25,46.4 1 0
github.com/ai-crypto-onramp/identity-auth/sessions.go:47.3,48.25 2 1
github.com/ai-crypto-onramp/identity-auth/sessions.go:50.2,50.26 1 1
github.com/ai-crypto-onramp/identity-auth/sessions.go:54.46,58.33 4 1
github.com/ai-crypto-onramp/identity-auth/sessions.go:58.33,60.3 1 1
github.com/ai-crypto-onramp/identity-auth/sessions.go:61.2,61.42 1 1
github.com/ai-crypto-onramp/identity-auth/sessions.go:65.45,69.2 3 1
github.com/ai-crypto-onramp/identity-auth/sessions.go:72.49,75.35 3 1
github.com/ai-crypto-onramp/identity-auth/sessions.go:75.35,77.3 1 1
github.com/ai-crypto-onramp/identity-auth/sessions.go:78.2,79.12 2 1
github.com/ai-crypto-onramp/identity-auth/sessions.go:84.104,86.14 2 1
github.com/ai-crypto-onramp/identity-auth/sessions.go:86.14,88.3 1 1
github.com/ai-crypto-onramp/identity-auth/sessions.go:89.2,89.30 1 1
github.com/ai-crypto-onramp/identity-auth/sessions.go:89.30,91.3 1 1
github.com/ai-crypto-onramp/identity-auth/sessions.go:92.2,92.31 1 1
github.com/ai-crypto-onramp/identity-auth/sessions.go:92.31,94.3 1 0
github.com/ai-crypto-onramp/identity-auth/sessions.go:95.2,95.22 1 1
github.com/ai-crypto-onramp/identity-auth/sessions.go:95.22,97.3 1 1
github.com/ai-crypto-onramp/identity-auth/sessions.go:98.2,98.40 1 1
github.com/ai-crypto-onramp/identity-auth/sessions.go:98.40,100.23 2 1
github.com/ai-crypto-onramp/identity-auth/sessions.go:100.23,102.4 1 1
github.com/ai-crypto-onramp/identity-auth/sessions.go:103.3,103.41 1 1
github.com/ai-crypto-onramp/identity-auth/sessions.go:106.2,107.22 2 1
github.com/ai-crypto-onramp/identity-auth/sessions.go:107.22,108.20 1 1
github.com/ai-crypto-onramp/identity-auth/sessions.go:108.20,110.4 1 1
github.com/ai-crypto-onramp/identity-auth/sessions.go:111.3,111.36 1 1
github.com/ai-crypto-onramp/identity-auth/sessions.go:111.36,114.4 2 1
github.com/ai-crypto-onramp/identity-auth/sessions.go:116.2,117.34 2 1
github.com/ai-crypto-onramp/identity-auth/sessions.go:121.93,148.16 12 1
github.com/ai-crypto-onramp/identity-auth/sessions.go:148.16,150.3 1 0
github.com/ai-crypto-onramp/identity-auth/sessions.go:151.2,159.119 2 1
github.com/ai-crypto-onramp/identity-auth/sessions.go:164.94,169.8 5 1
github.com/ai-crypto-onramp/identity-auth/sessions.go:169.8,171.3 1 1
github.com/ai-crypto-onramp/identity-auth/sessions.go:172.2,172.24 1 1
github.com/ai-crypto-onramp/identity-auth/sessions.go:172.24,174.48 1 1
github.com/ai-crypto-onramp/identity-auth/sessions.go:174.48,179.4 3 1
github.com/ai-crypto-onramp/identity-auth/sessions.go:180.3,181.42 2 1
github.com/ai-crypto-onramp/identity-auth/sessions.go:183.2,183.27 1 1
github.com/ai-crypto-onramp/identity-auth/sessions.go:183.27,186.3 2 0
github.com/ai-crypto-onramp/identity-auth/sessions.go:187.2,187.38 1 1
github.com/ai-crypto-onramp/identity-auth/sessions.go:187.38,190.3 2 0
github.com/ai-crypto-onramp/identity-auth/sessions.go:191.2,218.16 13 1
github.com/ai-crypto-onramp/identity-auth/sessions.go:218.16,220.3 1 0
github.com/ai-crypto-onramp/identity-auth/sessions.go:221.2,221.117 1 1
github.com/ai-crypto-onramp/identity-auth/sessions.go:225.63,229.9 4 1
github.com/ai-crypto-onramp/identity-auth/sessions.go:229.9,231.3 1 1
github.com/ai-crypto-onramp/identity-auth/sessions.go:232.2,232.27 1 1
github.com/ai-crypto-onramp/identity-auth/sessions.go:232.27,234.3 1 0
github.com/ai-crypto-onramp/identity-auth/sessions.go:235.2,246.17 5 1
github.com/ai-crypto-onramp/identity-auth/sessions.go:250.55,254.9 4 1
github.com/ai-crypto-onramp/identity-auth/sessions.go:254.9,256.3 1 1
github.com/ai-crypto-onramp/identity-auth/sessions.go:257.2,257.27 1 1
github.com/ai-crypto-onramp/identity-auth/sessions.go:257.27,259.3 1 0
github.com/ai-crypto-onramp/identity-auth/sessions.go:260.2,263.12 4 1
github.com/ai-crypto-onramp/identity-auth/sessions.go:267.56,272.34 5 1
github.com/ai-crypto-onramp/identity-auth/sessions.go:272.34,273.28 1 1
github.com/ai-crypto-onramp/identity-auth/sessions.go:273.28,274.12 1 0
github.com/ai-crypto-onramp/identity-auth/sessions.go:276.3,276.28 1 1
github.com/ai-crypto-onramp/identity-auth/sessions.go:276.28,277.12 1 1
github.com/ai-crypto-onramp/identity-auth/sessions.go:279.3,279.32 1 1
github.com/ai-crypto-onramp/identity-auth/sessions.go:279.32,280.12 1 0
github.com/ai-crypto-onramp/identity-auth/sessions.go:282.3,282.26 1 1
github.com/ai-crypto-onramp/identity-auth/sessions.go:284.2,284.12 1 1
github.com/ai-crypto-onramp/identity-auth/sessions.go:288.42,290.2 1 1
github.com/ai-crypto-onramp/identity-auth/store.go:146.24,165.2 1 1
github.com/ai-crypto-onramp/identity-auth/users.go:37.38,38.17 1 1
github.com/ai-crypto-onramp/identity-auth/users.go:38.17,40.3 1 1
github.com/ai-crypto-onramp/identity-auth/users.go:41.2,41.42 1 1
github.com/ai-crypto-onramp/identity-auth/users.go:41.42,43.3 1 1
github.com/ai-crypto-onramp/identity-auth/users.go:44.2,44.12 1 1
github.com/ai-crypto-onramp/identity-auth/users.go:48.38,50.2 1 1
github.com/ai-crypto-onramp/identity-auth/users.go:53.75,55.17 2 1
github.com/ai-crypto-onramp/identity-auth/users.go:55.17,57.3 1 1
github.com/ai-crypto-onramp/identity-auth/users.go:58.2,58.49 1 1
github.com/ai-crypto-onramp/identity-auth/users.go:58.49,60.3 1 1
github.com/ai-crypto-onramp/identity-auth/users.go:61.2,63.40 3 1
github.com/ai-crypto-onramp/identity-auth/users.go:63.40,65.3 1 1
github.com/ai-crypto-onramp/identity-auth/users.go:66.2,67.16 2 1
github.com/ai-crypto-onramp/identity-auth/users.go:67.16,69.3 1 0
github.com/ai-crypto-onramp/identity-auth/users.go:70.2,83.22 7 1
github.com/ai-crypto-onramp/identity-auth/users.go:87.62,91.9 4 1
github.com/ai-crypto-onramp/identity-auth/users.go:91.9,93.3 1 1
github.com/ai-crypto-onramp/identity-auth/users.go:94.2,96.9 3 1
github.com/ai-crypto-onramp/identity-auth/users.go:96.9,98.3 1 0
github.com/ai-crypto-onramp/identity-auth/users.go:99.2,99.31 1 1
github.com/ai-crypto-onramp/identity-auth/users.go:99.31,101.3 1 0
github.com/ai-crypto-onramp/identity-auth/users.go:102.2,104.15 3 1
github.com/ai-crypto-onramp/identity-auth/users.go:108.46,112.9 4 1
github.com/ai-crypto-onramp/identity-auth/users.go:112.9,114.3 1 1
github.com/ai-crypto-onramp/identity-auth/users.go:115.2,115.31 1 1
github.com/ai-crypto-onramp/identity-auth/users.go:115.31,117.3 1 1
github.com/ai-crypto-onramp/identity-auth/users.go:118.2,120.12 3 1
github.com/ai-crypto-onramp/identity-auth/users.go:124.43,128.2 3 1
github.com/ai-crypto-onramp/identity-auth/users.go:131.49,135.9 4 1
github.com/ai-crypto-onramp/identity-auth/users.go:135.9,137.3 1 1
github.com/ai-crypto-onramp/identity-auth/users.go:138.2,138.21 1 1
github.com/ai-crypto-onramp/identity-auth/users.go:142.66,147.9 5 1
github.com/ai-crypto-onramp/identity-auth/users.go:147.9,149.3 1 0
github.com/ai-crypto-onramp/identity-auth/users.go:150.2,150.30 1 1
github.com/ai-crypto-onramp/identity-auth/users.go:150.30,152.3 1 1
github.com/ai-crypto-onramp/identity-auth/users.go:153.2,153.17 1 1
github.com/ai-crypto-onramp/identity-auth/users.go:153.17,155.3 1 0
github.com/ai-crypto-onramp/identity-auth/users.go:156.2,156.65 1 1
github.com/ai-crypto-onramp/identity-auth/users.go:156.65,158.3 1 1
github.com/ai-crypto-onramp/identity-auth/users.go:159.2,163.15 5 1
github.com/ai-crypto-onramp/identity-auth/users.go:167.49,171.9 4 1
github.com/ai-crypto-onramp/identity-auth/users.go:171.9,173.3 1 1
github.com/ai-crypto-onramp/identity-auth/users.go:174.2,179.34 5 1
github.com/ai-crypto-onramp/identity-auth/users.go:179.34,180.49 1 1
github.com/ai-crypto-onramp/identity-auth/users.go:180.49,183.4 2 1
github.com/ai-crypto-onramp/identity-auth/users.go:185.2,185.12 1 1
github.com/ai-crypto-onramp/identity-auth/users.go:189.60,190.49 1 1
github.com/ai-crypto-onramp/identity-auth/users.go:190.49,192.3 1 1
github.com/ai-crypto-onramp/identity-auth/users.go:193.2,194.16 2 1
github.com/ai-crypto-onramp/identity-auth/users.go:194.16,196.3 1 0
github.com/ai-crypto-onramp/identity-auth/users.go:197.2,200.9 4 1
github.com/ai-crypto-onramp/identity-auth/users.go:200.9,202.3 1 1
github.com/ai-crypto-onramp/identity-auth/users.go:203.2,205.12 3 1
github.com/ai-crypto-onramp/identity-auth/users.go:209.67,210.14 1 1
github.com/ai-crypto-onramp/identity-auth/users.go:210.14,212.3 1 0
github.com/ai-crypto-onramp/identity-auth/users.go:213.2,213.49 1 1
github.com/ai-crypto-onramp/identity-auth/users.go:217.57,221.34 4 1
github.com/ai-crypto-onramp/identity-auth/users.go:221.34,222.53 1 1
github.com/ai-crypto-onramp/identity-auth/users.go:222.53,226.4 3 1
